ALGERIA|1
ALGERIA|1
ALGERIA|1
ALGERIA|1
ALGERIA|1
ALGERIA|1
ALGERIA|1
ALGERIA|10
ALGERIA|2
ALGERIA|2
ALGERIA|2
ALGERIA|2
ALGERIA|2
ALGERIA|2
ALGERIA|2
ALGERIA|2
ALGERIA|2
ALGERIA|2
ALGERIA|2
ALGERIA|2
ALGERIA|2
ALGERIA|3
ALGERIA|3
ALGERIA|3
ALGERIA|3
ALGERIA|3
ALGERIA|3
ALGERIA|4
ALGERIA|4
ALGERIA|4
ALGERIA|4
ALGERIA|4
ALGERIA|4
ALGERIA|4
ALGERIA|4
ALGERIA|4
ALGERIA|5
ALGERIA|6
ARGENTINA|1
ARGENTINA|1
ARGENTINA|1
ARGENTINA|1
ARGENTINA|1
ARGENTINA|1
ARGENTINA|1
ARGENTINA|1
ARGENTINA|1
ARGENTINA|1
ARGENTINA|2
ARGENTINA|2
ARGENTINA|2
ARGENTINA|2
ARGENTINA|2
ARGENTINA|2
ARGENTINA|2
ARGENTINA|2
ARGENTINA|2
ARGENTINA|2
ARGENTINA|2
ARGENTINA|3
ARGENTINA|3
ARGENTINA|3
ARGENTINA|3
ARGENTINA|3
ARGENTINA|3
ARGENTINA|3
ARGENTINA|3
ARGENTINA|4
ARGENTINA|4
ARGENTINA|4
ARGENTINA|6
BRAZIL|1
BRAZIL|1
BRAZIL|1
BRAZIL|1
BRAZIL|1
BRAZIL|1
BRAZIL|1
BRAZIL|1
BRAZIL|1
BRAZIL|1
BRAZIL|1
BRAZIL|1
BRAZIL|1
BRAZIL|2
BRAZIL|2
BRAZIL|2
BRAZIL|2
BRAZIL|2
BRAZIL|2
BRAZIL|2
BRAZIL|2
BRAZIL|3
BRAZIL|3
BRAZIL|3
BRAZIL|3
BRAZIL|3
BRAZIL|3
BRAZIL|3
BRAZIL|4
BRAZIL|4
BRAZIL|4
BRAZIL|4
BRAZIL|4
BRAZIL|5
BRAZIL|6
BRAZIL|6
BRAZIL|6
BRAZIL|7
BRAZIL|7
CANADA|1
CANADA|1
CANADA|1
CANADA|1
CANADA|1
CANADA|1
CANADA|1
CANADA|1
CANADA|1
CANADA|1
CANADA|1
CANADA|1
CANADA|1
CANADA|1
CANADA|2
CANADA|2
CANADA|2
CANADA|2
CANADA|2
CANADA|2
CANADA|2
CANADA|2
CANADA|2
CANADA|2
CANADA|3
CANADA|3
CANADA|3
CANADA|3
CANADA|3
CANADA|3
CANADA|4
CANADA|4
CANADA|4
CANADA|4
CANADA|4
CANADA|5
CANADA|5
CANADA|5
CANADA|5
CANADA|6
CANADA|6
CHINA|1
CHINA|1
CHINA|1
CHINA|1
CHINA|1
CHINA|1
CHINA|1
CHINA|1
CHINA|2
CHINA|2
CHINA|2
CHINA|2
CHINA|2
CHINA|2
CHINA|2
CHINA|2
CHINA|2
CHINA|2
CHINA|2
CHINA|2
CHINA|3
CHINA|3
CHINA|3
CHINA|3
CHINA|4
CHINA|4
CHINA|4
EGYPT|1
EGYPT|1
EGYPT|1
EGYPT|1
EGYPT|1
EGYPT|1
EGYPT|1
EGYPT|1
EGYPT|1
EGYPT|2
EGYPT|2
EGYPT|2
EGYPT|2
EGYPT|2
EGYPT|2
EGYPT|2
EGYPT|2
EGYPT|2
EGYPT|2
EGYPT|2
EGYPT|2
EGYPT|2
EGYPT|2
EGYPT|2
EGYPT|2
EGYPT|2
EGYPT|2
EGYPT|3
EGYPT|3
EGYPT|3
EGYPT|3
EGYPT|3
EGYPT|3
EGYPT|3
EGYPT|4
EGYPT|4
EGYPT|4
EGYPT|4
EGYPT|5
EGYPT|5
EGYPT|5
EGYPT|6
EGYPT|7
ETHIOPIA|1
ETHIOPIA|1
ETHIOPIA|1
ETHIOPIA|1
ETHIOPIA|1
ETHIOPIA|1
ETHIOPIA|1
ETHIOPIA|1
ETHIOPIA|2
ETHIOPIA|2
ETHIOPIA|2
ETHIOPIA|2
ETHIOPIA|2
ETHIOPIA|2
ETHIOPIA|2
ETHIOPIA|2
ETHIOPIA|3
ETHIOPIA|3
ETHIOPIA|3
ETHIOPIA|3
ETHIOPIA|3
ETHIOPIA|3
ETHIOPIA|3
ETHIOPIA|3
ETHIOPIA|3
ETHIOPIA|3
ETHIOPIA|4
ETHIOPIA|4
ETHIOPIA|4
ETHIOPIA|4
ETHIOPIA|4
ETHIOPIA|4
ETHIOPIA|5
ETHIOPIA|5
ETHIOPIA|6
ETHIOPIA|6
ETHIOPIA|7
FRANCE|1
FRANCE|1
FRANCE|1
FRANCE|1
FRANCE|2
FRANCE|2
FRANCE|2
FRANCE|2
FRANCE|2
FRANCE|2
FRANCE|2
FRANCE|2
FRANCE|3
FRANCE|3
FRANCE|3
FRANCE|3
FRANCE|3
FRANCE|3
FRANCE|3
FRANCE|3
FRANCE|4
FRANCE|6
GERMANY|1
GERMANY|1
GERMANY|1
GERMANY|1
GERMANY|1
GERMANY|1
GERMANY|1
GERMANY|1
GERMANY|1
GERMANY|1
GERMANY|2
GERMANY|2
GERMANY|2
GERMANY|2
GERMANY|2
GERMANY|2
GERMANY|2
GERMANY|2
GERMANY|3
GERMANY|3
GERMANY|4
GERMANY|4
GERMANY|4
GERMANY|5
GERMANY|5
GERMANY|5
GERMANY|5
GERMANY|6
INDIA|1
INDIA|1
INDIA|1
INDIA|1
INDIA|1
INDIA|1
INDIA|1
INDIA|1
INDIA|2
INDIA|2
INDIA|2
INDIA|2
INDIA|2
INDIA|2
INDIA|2
INDIA|2
INDIA|2
INDIA|2
INDIA|2
INDIA|2
INDIA|3
INDIA|3
INDIA|3
INDIA|3
INDIA|3
INDIA|3
INDIA|4
INDIA|4
INDIA|5
INDIA|6
INDONESIA|1
INDONESIA|1
INDONESIA|1
INDONESIA|1
INDONESIA|1
INDONESIA|1
INDONESIA|1
INDONESIA|1
INDONESIA|1
INDONESIA|1
INDONESIA|2
INDONESIA|2
INDONESIA|2
INDONESIA|2
INDONESIA|2
INDONESIA|2
INDONESIA|2
INDONESIA|3
INDONESIA|3
INDONESIA|3
INDONESIA|3
INDONESIA|3
INDONESIA|3
INDONESIA|3
INDONESIA|4
INDONESIA|4
INDONESIA|4
INDONESIA|4
INDONESIA|4
INDONESIA|5
INDONESIA|5
INDONESIA|5
INDONESIA|7
IRAN|1
IRAN|1
IRAN|1
IRAN|1
IRAN|1
IRAN|1
IRAN|1
IRAN|1
IRAN|1
IRAN|1
IRAN|1
IRAN|1
IRAN|1
IRAN|1
IRAN|1
IRAN|1
IRAN|1
IRAN|1
IRAN|2
IRAN|2
IRAN|2
IRAN|2
IRAN|2
IRAN|2
IRAN|2
IRAN|2
IRAN|2
IRAN|2
IRAN|3
IRAN|3
IRAN|3
IRAN|3
IRAN|3
IRAN|3
IRAN|4
IRAN|4
IRAN|4
IRAN|4
IRAN|4
IRAN|5
IRAN|5
IRAQ|1
IRAQ|1
IRAQ|1
IRAQ|1
IRAQ|1
IRAQ|1
IRAQ|1
IRAQ|1
IRAQ|1
IRAQ|2
IRAQ|2
IRAQ|2
IRAQ|2
IRAQ|2
IRAQ|2
IRAQ|2
IRAQ|3
IRAQ|3
IRAQ|3
IRAQ|3
IRAQ|3
IRAQ|3
IRAQ|3
IRAQ|3
IRAQ|3
IRAQ|3
IRAQ|4
IRAQ|4
IRAQ|4
IRAQ|4
IRAQ|4
IRAQ|5
IRAQ|5
IRAQ|5
IRAQ|7
JAPAN|1
JAPAN|1
JAPAN|1
JAPAN|1
JAPAN|1
JAPAN|1
JAPAN|1
JAPAN|1
JAPAN|1
JAPAN|1
JAPAN|1
JAPAN|1
JAPAN|2
JAPAN|2
JAPAN|2
JAPAN|2
JAPAN|2
JAPAN|2
JAPAN|2
JAPAN|2
JAPAN|3
JAPAN|3
JAPAN|3
JAPAN|3
JAPAN|3
JAPAN|3
JAPAN|3
JAPAN|3
JAPAN|4
JAPAN|4
JAPAN|4
JAPAN|4
JAPAN|4
JAPAN|5
JAPAN|5
JAPAN|5
JAPAN|5
JAPAN|5
JAPAN|5
JORDAN|1
JORDAN|1
JORDAN|1
JORDAN|1
JORDAN|1
JORDAN|1
JORDAN|1
JORDAN|2
JORDAN|2
JORDAN|2
JORDAN|2
JORDAN|2
JORDAN|2
JORDAN|2
JORDAN|3
JORDAN|3
JORDAN|3
JORDAN|3
JORDAN|3
JORDAN|4
JORDAN|4
JORDAN|4
JORDAN|4
JORDAN|4
JORDAN|4
JORDAN|4
JORDAN|4
JORDAN|4
JORDAN|4
JORDAN|4
JORDAN|5
JORDAN|5
JORDAN|6
JORDAN|6
JORDAN|7
KENYA|1
KENYA|1
KENYA|1
KENYA|1
KENYA|1
KENYA|1
KENYA|1
KENYA|1
KENYA|2
KENYA|2
KENYA|2
KENYA|2
KENYA|2
KENYA|2
KENYA|2
KENYA|2
KENYA|2
KENYA|2
KENYA|3
KENYA|3
KENYA|3
KENYA|3
KENYA|4
KENYA|4
KENYA|4
KENYA|4
KENYA|5
KENYA|5
KENYA|5
KENYA|6
KENYA|6
MOROCCO|1
MOROCCO|1
MOROCCO|1
MOROCCO|1
MOROCCO|1
MOROCCO|1
MOROCCO|1
MOROCCO|1
MOROCCO|1
MOROCCO|1
MOROCCO|1
MOROCCO|1
MOROCCO|1
MOROCCO|1
MOROCCO|2
MOROCCO|2
MOROCCO|2
MOROCCO|2
MOROCCO|2
MOROCCO|2
MOROCCO|2
MOROCCO|2
MOROCCO|2
MOROCCO|2
MOROCCO|3
MOROCCO|3
MOROCCO|3
MOROCCO|3
MOROCCO|4
MOROCCO|4
MOROCCO|4
MOROCCO|4
MOROCCO|5
MOROCCO|5
MOROCCO|5
MOROCCO|5
MOROCCO|6
MOROCCO|6
MOROCCO|7
MOZAMBIQUE|1
MOZAMBIQUE|1
MOZAMBIQUE|1
MOZAMBIQUE|1
MOZAMBIQUE|1
MOZAMBIQUE|1
MOZAMBIQUE|1
MOZAMBIQUE|1
MOZAMBIQUE|1
MOZAMBIQUE|2
MOZAMBIQUE|2
MOZAMBIQUE|2
MOZAMBIQUE|2
MOZAMBIQUE|2
MOZAMBIQUE|2
MOZAMBIQUE|2
MOZAMBIQUE|2
MOZAMBIQUE|2
MOZAMBIQUE|2
MOZAMBIQUE|2
MOZAMBIQUE|3
MOZAMBIQUE|3
MOZAMBIQUE|3
MOZAMBIQUE|3
MOZAMBIQUE|3
MOZAMBIQUE|3
MOZAMBIQUE|3
MOZAMBIQUE|3
MOZAMBIQUE|3
MOZAMBIQUE|3
MOZAMBIQUE|3
MOZAMBIQUE|4
MOZAMBIQUE|4
MOZAMBIQUE|4
MOZAMBIQUE|5
MOZAMBIQUE|5
MOZAMBIQUE|6
PERU|1
PERU|1
PERU|1
PERU|1
PERU|1
PERU|1
PERU|1
PERU|2
PERU|2
PERU|2
PERU|2
PERU|2
PERU|2
PERU|2
PERU|2
PERU|2
PERU|2
PERU|2
PERU|3
PERU|3
PERU|4
PERU|4
PERU|4
PERU|4
PERU|4
PERU|6
PERU|6
ROMANIA|1
ROMANIA|1
ROMANIA|1
ROMANIA|1
ROMANIA|1
ROMANIA|1
ROMANIA|1
ROMANIA|1
ROMANIA|1
ROMANIA|1
ROMANIA|1
ROMANIA|2
ROMANIA|2
ROMANIA|2
ROMANIA|2
ROMANIA|2
ROMANIA|2
ROMANIA|2
ROMANIA|3
ROMANIA|3
ROMANIA|3
ROMANIA|3
ROMANIA|3
ROMANIA|3
ROMANIA|4
ROMANIA|4
ROMANIA|4
ROMANIA|4
ROMANIA|5
ROMANIA|5
ROMANIA|5
ROMANIA|5
ROMANIA|6
ROMANIA|6
RUSSIA|1
RUSSIA|1
RUSSIA|1
RUSSIA|1
RUSSIA|1
RUSSIA|1
RUSSIA|1
RUSSIA|1
RUSSIA|1
RUSSIA|1
RUSSIA|1
RUSSIA|2
RUSSIA|2
RUSSIA|2
RUSSIA|2
RUSSIA|2
RUSSIA|2
RUSSIA|2
RUSSIA|2
RUSSIA|2
RUSSIA|3
RUSSIA|3
RUSSIA|3
RUSSIA|3
RUSSIA|3
RUSSIA|3
RUSSIA|4
RUSSIA|4
RUSSIA|4
RUSSIA|4
RUSSIA|4
RUSSIA|5
SAUDI ARABIA|1
SAUDI ARABIA|1
SAUDI ARABIA|1
SAUDI ARABIA|1
SAUDI ARABIA|1
SAUDI ARABIA|1
SAUDI ARABIA|1
SAUDI ARABIA|1
SAUDI ARABIA|1
SAUDI ARABIA|1
SAUDI ARABIA|1
SAUDI ARABIA|1
SAUDI ARABIA|1
SAUDI ARABIA|1
SAUDI ARABIA|1
SAUDI ARABIA|1
SAUDI ARABIA|2
SAUDI ARABIA|2
SAUDI ARABIA|2
SAUDI ARABIA|2
SAUDI ARABIA|2
SAUDI ARABIA|2
SAUDI ARABIA|2
SAUDI ARABIA|2
SAUDI ARABIA|3
SAUDI ARABIA|3
SAUDI ARABIA|3
SAUDI ARABIA|3
SAUDI ARABIA|3
SAUDI ARABIA|4
SAUDI ARABIA|4
SAUDI ARABIA|4
SAUDI ARABIA|4
SAUDI ARABIA|6
SAUDI ARABIA|6
UNITED KINGDOM|1
UNITED KINGDOM|1
UNITED KINGDOM|1
UNITED KINGDOM|1
UNITED KINGDOM|1
UNITED KINGDOM|1
UNITED KINGDOM|1
UNITED KINGDOM|1
UNITED KINGDOM|1
UNITED KINGDOM|12
UNITED KINGDOM|2
UNITED KINGDOM|2
UNITED KINGDOM|2
UNITED KINGDOM|2
UNITED KINGDOM|2
UNITED KINGDOM|2
UNITED KINGDOM|2
UNITED KINGDOM|2
UNITED KINGDOM|2
UNITED KINGDOM|2
UNITED KINGDOM|2
UNITED KINGDOM|3
UNITED KINGDOM|3
UNITED KINGDOM|3
UNITED KINGDOM|3
UNITED KINGDOM|3
UNITED KINGDOM|3
UNITED KINGDOM|3
UNITED KINGDOM|4
UNITED KINGDOM|4
UNITED KINGDOM|4
UNITED KINGDOM|4
UNITED KINGDOM|4
UNITED KINGDOM|5
UNITED KINGDOM|5
UNITED KINGDOM|5
UNITED KINGDOM|8
UNITED STATES|1
UNITED STATES|1
UNITED STATES|1
UNITED STATES|1
UNITED STATES|1
UNITED STATES|1
UNITED STATES|2
UNITED STATES|2
UNITED STATES|2
UNITED STATES|2
UNITED STATES|2
UNITED STATES|2
UNITED STATES|2
UNITED STATES|3
UNITED STATES|3
UNITED STATES|3
UNITED STATES|3
UNITED STATES|3
UNITED STATES|3
UNITED STATES|4
UNITED STATES|4
UNITED STATES|4
UNITED STATES|4
UNITED STATES|5
UNITED STATES|5
UNITED STATES|5
UNITED STATES|5
UNITED STATES|6
UNITED STATES|7
VIETNAM|1
VIETNAM|1
VIETNAM|1
VIETNAM|1
VIETNAM|1
VIETNAM|1
VIETNAM|1
VIETNAM|1
VIETNAM|1
VIETNAM|1
VIETNAM|2
VIETNAM|2
VIETNAM|2
VIETNAM|2
VIETNAM|2
VIETNAM|2
VIETNAM|2
VIETNAM|2
VIETNAM|2
VIETNAM|2
VIETNAM|2
VIETNAM|2
VIETNAM|2
VIETNAM|2
VIETNAM|3
VIETNAM|3
VIETNAM|3
VIETNAM|3
VIETNAM|3
VIETNAM|3
VIETNAM|3
VIETNAM|4
VIETNAM|4
VIETNAM|4
VIETNAM|4
VIETNAM|4
VIETNAM|6
VIETNAM|6
